Using pre-set license
Built from '2020.2/staging' branch; Version is '2020.2.6f1 (8a2143876886) revision 9052483'; Using compiler version '192528614'; Build Type 'Release'
OS: 'Windows 10 Pro; OS build 18363.1556; Version 1909; 64bit' Language: 'en' Physical Memory: 65450 MB
BatchMode: 1, IsHumanControllingUs: 0, StartBugReporterOnCrash: 0, Is64bit: 1, IsPro: 0

 COMMAND LINE ARGUMENTS:
C:\Program Files\Unity\Hub\Editor\2020.2.6f1\Editor\Unity.exe
-adb2
-batchMode
-noUpm
-name
AssetImportWorker0
-projectPath
C:/Users/Isaac/Documents/Optimization/NonConvex/NonConvexOptimization/NonConvexOptimiztion/ConeSearch
-logFile
Logs/AssetImportWorker0.log
-srvPort
58501
Successfully changed project path to: C:/Users/Isaac/Documents/Optimization/NonConvex/NonConvexOptimization/NonConvexOptimiztion/ConeSearch
C:/Users/Isaac/Documents/Optimization/NonConvex/NonConvexOptimization/NonConvexOptimiztion/ConeSearch
Using Asset Import Pipeline V2.
Refreshing native plugins compatible for Editor in 18.19 ms, found 0 plugins.
Preloading 0 native plugins for Editor in 0.00 ms.
Initialize engine version: 2020.2.6f1 (8a2143876886)
[Subsystems] Discovering subsystems at path C:/Program Files/Unity/Hub/Editor/2020.2.6f1/Editor/Data/Resources/UnitySubsystems
[Subsystems] Discovering subsystems at path C:/Users/Isaac/Documents/Optimization/NonConvex/NonConvexOptimization/NonConvexOptimiztion/ConeSearch/Assets
GfxDevice: creating device client; threaded=0
Direct3D:
    Version:  Direct3D 11.0 [level 11.1]
    Renderer: NVIDIA GeForce RTX 3080 Ti (ID=0x2208)
    Vendor:   
    VRAM:     12108 MB
    Driver:   30.0.14.7168
Initialize mono
Mono path[0] = 'C:/Program Files/Unity/Hub/Editor/2020.2.6f1/Editor/Data/Managed'
Mono path[1] = 'C:/Program Files/Unity/Hub/Editor/2020.2.6f1/Editor/Data/MonoBleedingEdge/lib/mono/unityjit'
Mono config path = 'C:/Program Files/Unity/Hub/Editor/2020.2.6f1/Editor/Data/MonoBleedingEdge/etc'
Using monoOptions --debugger-agent=transport=dt_socket,embedding=1,server=y,suspend=n,address=127.0.0.1:56388
Begin MonoManager ReloadAssembly
Registering precompiled unity dll's ...
Register platform support module: C:/Program Files/Unity/Hub/Editor/2020.2.6f1/Editor/Data/PlaybackEngines/WindowsStandaloneSupport/UnityEditor.WindowsStandalone.Extensions.dll
Registered in 0.001555 seconds.
Native extension for WindowsStandalone target not found
Refreshing native plugins compatible for Editor in 17.35 ms, found 0 plugins.
Preloading 0 native plugins for Editor in 0.00 ms.
Invoked RoslynAnalysisRunner static constructor.
RoslynAnalysisRunner will not be running.
RoslynAnalysisRunner has terminated.
Mono: successfully reloaded assembly
- Completed reload, in  1.567 seconds
Platform modules already initialized, skipping
Registering precompiled user dll's ...
Registered in 0.001742 seconds.
Begin MonoManager ReloadAssembly
Native extension for WindowsStandalone target not found
Refreshing native plugins compatible for Editor in 0.19 ms, found 0 plugins.
Preloading 0 native plugins for Editor in 0.00 ms.
Curl error 42: Callback aborted
DisplayProgressbar: Restoring NuGet Packages
Curl error 42: Callback aborted
Invoked RoslynAnalysisRunner static constructor.
RoslynAnalysisRunner will not be running.
RoslynAnalysisRunner has terminated.
Mono: successfully reloaded assembly
- Completed reload, in  2.374 seconds
Platform modules already initialized, skipping
========================================================================
Worker process is ready to serve import requests
Launched and connected shader compiler UnityShaderCompiler.exe after 0.03 seconds
Refreshing native plugins compatible for Editor in 0.18 ms, found 0 plugins.
Preloading 0 native plugins for Editor in 0.00 ms.
Unloading 1104 Unused Serialized files (Serialized files now loaded: 0)
System memory in use before: 57.8 MB.
System memory in use after: 57.8 MB.

Unloading 10 unused Assets to reduce memory usage. Loaded Objects now: 1543.
Total: 1.115900 ms (FindLiveObjects: 0.098500 ms CreateObjectMapping: 0.027600 ms MarkObjects: 0.938100 ms  DeleteObjects: 0.050800 ms)

========================================================================
Received Import Request.
  path: Assets/Scripts/Hyperplane.cs
  artifactKey: Guid(b90716f1d1ab59a47b22beb91892ce49) Importer(815301076,1909f56bfc062723c751e8b465ee728b)
Start importing Assets/Scripts/Hyperplane.cs using Guid(b90716f1d1ab59a47b22beb91892ce49) Importer(815301076,1909f56bfc062723c751e8b465ee728b)  -> (artifact id: 'd7d971d9ec488895dd6a21ba820b95ba') in 0.027660 seconds
  Import took 0.029055 seconds .

========================================================================
Received Import Request.
  Time since last request: 26.527779 seconds.
  path: Assets/Scripts/Hyperplane.cs
  artifactKey: Guid(b90716f1d1ab59a47b22beb91892ce49) Importer(815301076,1909f56bfc062723c751e8b465ee728b)
Start importing Assets/Scripts/Hyperplane.cs using Guid(b90716f1d1ab59a47b22beb91892ce49) Importer(815301076,1909f56bfc062723c751e8b465ee728b)  -> (artifact id: '2f3b287c6892cc91ad377c08d34b9a6e') in 0.003624 seconds
  Import took 0.005481 seconds .

========================================================================
Received Import Request.
  Time since last request: 57.928128 seconds.
  path: Assets/Scripts/Objectives.cs
  artifactKey: Guid(3fb5e0b420f41574195bb73026cecd45) Importer(815301076,1909f56bfc062723c751e8b465ee728b)
Start importing Assets/Scripts/Objectives.cs using Guid(3fb5e0b420f41574195bb73026cecd45) Importer(815301076,1909f56bfc062723c751e8b465ee728b)  -> (artifact id: '7faf7dd73e8196315f94d9cebc33fdc8') in 0.006285 seconds
  Import took 0.007874 seconds .

========================================================================
Received Import Request.
  Time since last request: 38.659088 seconds.
  path: Assets/Scripts
  artifactKey: Guid(be45807f980c8574f898929633eb9d1f) Importer(815301076,1909f56bfc062723c751e8b465ee728b)
Start importing Assets/Scripts using Guid(be45807f980c8574f898929633eb9d1f) Importer(815301076,1909f56bfc062723c751e8b465ee728b)  -> (artifact id: 'cde12df46bad9b72bad871e7b1f45aef') in 0.006360 seconds
  Import took 0.008035 seconds .

========================================================================
Received Import Request.
  Time since last request: 9.330275 seconds.
  path: Assets/Scripts/Objectives.cs
  artifactKey: Guid(3fb5e0b420f41574195bb73026cecd45) Importer(815301076,1909f56bfc062723c751e8b465ee728b)
Start importing Assets/Scripts/Objectives.cs using Guid(3fb5e0b420f41574195bb73026cecd45) Importer(815301076,1909f56bfc062723c751e8b465ee728b)  -> (artifact id: 'a01eb7291fdebea50cb6bb5f41b17904') in 0.002681 seconds
  Import took 0.004192 seconds .

========================================================================
Received Import Request.
  Time since last request: 195.011908 seconds.
  path: Assets/Materials/GraphMat.mat
  artifactKey: Guid(fee6aae1b990fba41a7cf18b06b05837) Importer(815301076,1909f56bfc062723c751e8b465ee728b)
Start importing Assets/Materials/GraphMat.mat using Guid(fee6aae1b990fba41a7cf18b06b05837) Importer(815301076,1909f56bfc062723c751e8b465ee728b)  -> (artifact id: '3c50749d78b4a132e886d79a6f1929d4') in 0.099287 seconds
  Import took 0.100909 seconds .

========================================================================
Received Import Request.
  Time since last request: 0.000170 seconds.
  path: Assets/Materials/HdrStudioCarFluorescentBlaze001_HDR_3K.exr
  artifactKey: Guid(32f1fc9fa9c1b374d82f84bc564eb87a) Importer(815301076,1909f56bfc062723c751e8b465ee728b)
Start importing Assets/Materials/HdrStudioCarFluorescentBlaze001_HDR_3K.exr using Guid(32f1fc9fa9c1b374d82f84bc564eb87a) Importer(815301076,1909f56bfc062723c751e8b465ee728b)  -> (artifact id: '4d592a0533646701bdd5d59004920386') in 0.025466 seconds
  Import took 0.026886 seconds .

AssetImportWorkerClient::OnTransportError - code=2 error=End of file
