Using pre-set license
Built from '2020.2/staging' branch; Version is '2020.2.6f1 (8a2143876886) revision 9052483'; Using compiler version '192528614'; Build Type 'Release'
OS: 'Windows 10 Pro; OS build 18363.1440; Version 1909; 64bit' Language: 'en' Physical Memory: 65450 MB
BatchMode: 1, IsHumanControllingUs: 0, StartBugReporterOnCrash: 0, Is64bit: 1, IsPro: 0

 COMMAND LINE ARGUMENTS:
C:\Program Files\Unity\Hub\Editor\2020.2.6f1\Editor\Unity.exe
-adb2
-batchMode
-noUpm
-name
AssetImportWorker0
-projectPath
C:/Users/Isaac/Documents/Optimization/NonConvex/NonConvexOptimization/NonConvexOptimiztion/ConeSearch
-logFile
Logs/AssetImportWorker0.log
-srvPort
58725
Successfully changed project path to: C:/Users/Isaac/Documents/Optimization/NonConvex/NonConvexOptimization/NonConvexOptimiztion/ConeSearch
C:/Users/Isaac/Documents/Optimization/NonConvex/NonConvexOptimization/NonConvexOptimiztion/ConeSearch
Using Asset Import Pipeline V2.
Refreshing native plugins compatible for Editor in 17.55 ms, found 0 plugins.
Preloading 0 native plugins for Editor in 0.00 ms.
Initialize engine version: 2020.2.6f1 (8a2143876886)
[Subsystems] Discovering subsystems at path C:/Program Files/Unity/Hub/Editor/2020.2.6f1/Editor/Data/Resources/UnitySubsystems
[Subsystems] Discovering subsystems at path C:/Users/Isaac/Documents/Optimization/NonConvex/NonConvexOptimization/NonConvexOptimiztion/ConeSearch/Assets
GfxDevice: creating device client; threaded=0
Direct3D:
    Version:  Direct3D 11.0 [level 11.1]
    Renderer: NVIDIA GeForce RTX 3080 Ti (ID=0x2208)
    Vendor:   
    VRAM:     12108 MB
    Driver:   30.0.14.7168
Initialize mono
Mono path[0] = 'C:/Program Files/Unity/Hub/Editor/2020.2.6f1/Editor/Data/Managed'
Mono path[1] = 'C:/Program Files/Unity/Hub/Editor/2020.2.6f1/Editor/Data/MonoBleedingEdge/lib/mono/unityjit'
Mono config path = 'C:/Program Files/Unity/Hub/Editor/2020.2.6f1/Editor/Data/MonoBleedingEdge/etc'
Using monoOptions --debugger-agent=transport=dt_socket,embedding=1,server=y,suspend=n,address=127.0.0.1:56740
Begin MonoManager ReloadAssembly
Registering precompiled unity dll's ...
Register platform support module: C:/Program Files/Unity/Hub/Editor/2020.2.6f1/Editor/Data/PlaybackEngines/WindowsStandaloneSupport/UnityEditor.WindowsStandalone.Extensions.dll
Registered in 0.001494 seconds.
Native extension for WindowsStandalone target not found
Refreshing native plugins compatible for Editor in 16.54 ms, found 0 plugins.
Preloading 0 native plugins for Editor in 0.00 ms.
Invoked RoslynAnalysisRunner static constructor.
RoslynAnalysisRunner will not be running.
RoslynAnalysisRunner has terminated.
Mono: successfully reloaded assembly
- Completed reload, in  1.323 seconds
Platform modules already initialized, skipping
Registering precompiled user dll's ...
Registered in 0.001322 seconds.
Begin MonoManager ReloadAssembly
Native extension for WindowsStandalone target not found
Refreshing native plugins compatible for Editor in 0.17 ms, found 0 plugins.
Preloading 0 native plugins for Editor in 0.00 ms.
DisplayProgressbar: Restoring NuGet Packages
Invoked RoslynAnalysisRunner static constructor.
RoslynAnalysisRunner will not be running.
RoslynAnalysisRunner has terminated.
Mono: successfully reloaded assembly
- Completed reload, in  0.832 seconds
Platform modules already initialized, skipping
========================================================================
Worker process is ready to serve import requests
Launched and connected shader compiler UnityShaderCompiler.exe after 0.03 seconds
Refreshing native plugins compatible for Editor in 0.17 ms, found 0 plugins.
Preloading 0 native plugins for Editor in 0.00 ms.
Unloading 1114 Unused Serialized files (Serialized files now loaded: 0)
System memory in use before: 57.4 MB.
System memory in use after: 57.5 MB.

Unloading 14 unused Assets to reduce memory usage. Loaded Objects now: 1554.
Total: 1.257900 ms (FindLiveObjects: 0.111800 ms CreateObjectMapping: 0.028400 ms MarkObjects: 1.055400 ms  DeleteObjects: 0.061600 ms)

========================================================================
Received Import Request.
  path: Assets/Scripts/Intersections.cs
  artifactKey: Guid(05084c788fec88e4dad5ae9d8f29c30e) Importer(815301076,1909f56bfc062723c751e8b465ee728b)
Start importing Assets/Scripts/Intersections.cs using Guid(05084c788fec88e4dad5ae9d8f29c30e) Importer(815301076,1909f56bfc062723c751e8b465ee728b)  -> (artifact id: '8ec8946df8fd9274203214bebac3e439') in 0.035139 seconds
  Import took 0.036983 seconds .

========================================================================
Received Prepare
Registering precompiled user dll's ...
Registered in 0.001245 seconds.
Begin MonoManager ReloadAssembly
Native extension for WindowsStandalone target not found
Refreshing native plugins compatible for Editor in 0.18 ms, found 0 plugins.
Preloading 0 native plugins for Editor in 0.00 ms.
Invoked RoslynAnalysisRunner static constructor.
RoslynAnalysisRunner will not be running.
RoslynAnalysisRunner has terminated.
Mono: successfully reloaded assembly
- Completed reload, in  0.812 seconds
Platform modules already initialized, skipping
Refreshing native plugins compatible for Editor in 0.17 ms, found 0 plugins.
Preloading 0 native plugins for Editor in 0.00 ms.
Unloading 1109 Unused Serialized files (Serialized files now loaded: 0)
System memory in use before: 57.4 MB.
System memory in use after: 57.5 MB.

Unloading 9 unused Assets to reduce memory usage. Loaded Objects now: 1556.
Total: 1.074800 ms (FindLiveObjects: 0.090400 ms CreateObjectMapping: 0.025200 ms MarkObjects: 0.927500 ms  DeleteObjects: 0.031100 ms)

========================================================================
Received Prepare
Registering precompiled user dll's ...
Registered in 0.001256 seconds.
Begin MonoManager ReloadAssembly
Native extension for WindowsStandalone target not found
Refreshing native plugins compatible for Editor in 0.18 ms, found 0 plugins.
Preloading 0 native plugins for Editor in 0.00 ms.
Invoked RoslynAnalysisRunner static constructor.
RoslynAnalysisRunner will not be running.
RoslynAnalysisRunner has terminated.
Mono: successfully reloaded assembly
- Completed reload, in  0.802 seconds
Platform modules already initialized, skipping
Refreshing native plugins compatible for Editor in 0.18 ms, found 0 plugins.
Preloading 0 native plugins for Editor in 0.00 ms.
Unloading 1109 Unused Serialized files (Serialized files now loaded: 0)
System memory in use before: 57.4 MB.
System memory in use after: 57.5 MB.

Unloading 9 unused Assets to reduce memory usage. Loaded Objects now: 1558.
Total: 1.143900 ms (FindLiveObjects: 0.101400 ms CreateObjectMapping: 0.028200 ms MarkObjects: 0.981100 ms  DeleteObjects: 0.032600 ms)

========================================================================
Received Import Request.
  Time since last request: 109.452928 seconds.
  path: Assets/Scripts/GameManager.cs
  artifactKey: Guid(062c5e9e1d67a2c42b44a8040cede5c6) Importer(815301076,1909f56bfc062723c751e8b465ee728b)
Start importing Assets/Scripts/GameManager.cs using Guid(062c5e9e1d67a2c42b44a8040cede5c6) Importer(815301076,1909f56bfc062723c751e8b465ee728b)  -> (artifact id: '8fc7546f6b2c6e4129bc55073e0b376f') in 0.006999 seconds
  Import took 0.008368 seconds .

========================================================================
Received Prepare
Registering precompiled user dll's ...
Registered in 0.001271 seconds.
Begin MonoManager ReloadAssembly
Native extension for WindowsStandalone target not found
Refreshing native plugins compatible for Editor in 0.17 ms, found 0 plugins.
Preloading 0 native plugins for Editor in 0.00 ms.
Invoked RoslynAnalysisRunner static constructor.
RoslynAnalysisRunner will not be running.
RoslynAnalysisRunner has terminated.
Mono: successfully reloaded assembly
- Completed reload, in  0.781 seconds
Platform modules already initialized, skipping
Refreshing native plugins compatible for Editor in 0.17 ms, found 0 plugins.
Preloading 0 native plugins for Editor in 0.00 ms.
Unloading 1109 Unused Serialized files (Serialized files now loaded: 0)
System memory in use before: 57.4 MB.
System memory in use after: 57.5 MB.

Unloading 9 unused Assets to reduce memory usage. Loaded Objects now: 1560.
Total: 1.103500 ms (FindLiveObjects: 0.091600 ms CreateObjectMapping: 0.025200 ms MarkObjects: 0.955500 ms  DeleteObjects: 0.030600 ms)

========================================================================
Received Prepare
Registering precompiled user dll's ...
Registered in 0.001221 seconds.
Begin MonoManager ReloadAssembly
Native extension for WindowsStandalone target not found
Refreshing native plugins compatible for Editor in 0.18 ms, found 0 plugins.
Preloading 0 native plugins for Editor in 0.00 ms.
Invoked RoslynAnalysisRunner static constructor.
RoslynAnalysisRunner will not be running.
RoslynAnalysisRunner has terminated.
Mono: successfully reloaded assembly
- Completed reload, in  0.797 seconds
Platform modules already initialized, skipping
Refreshing native plugins compatible for Editor in 0.18 ms, found 0 plugins.
Preloading 0 native plugins for Editor in 0.00 ms.
Unloading 1109 Unused Serialized files (Serialized files now loaded: 0)
System memory in use before: 57.4 MB.
System memory in use after: 57.5 MB.

Unloading 9 unused Assets to reduce memory usage. Loaded Objects now: 1562.
Total: 1.130700 ms (FindLiveObjects: 0.103500 ms CreateObjectMapping: 0.028700 ms MarkObjects: 0.965600 ms  DeleteObjects: 0.032300 ms)

========================================================================
Received Prepare
Registering precompiled user dll's ...
Registered in 0.001299 seconds.
Begin MonoManager ReloadAssembly
Native extension for WindowsStandalone target not found
Refreshing native plugins compatible for Editor in 0.18 ms, found 0 plugins.
Preloading 0 native plugins for Editor in 0.00 ms.
Invoked RoslynAnalysisRunner static constructor.
RoslynAnalysisRunner will not be running.
RoslynAnalysisRunner has terminated.
Mono: successfully reloaded assembly
- Completed reload, in  0.792 seconds
Platform modules already initialized, skipping
Refreshing native plugins compatible for Editor in 0.17 ms, found 0 plugins.
Preloading 0 native plugins for Editor in 0.00 ms.
Unloading 1109 Unused Serialized files (Serialized files now loaded: 0)
System memory in use before: 57.4 MB.
System memory in use after: 57.5 MB.

Unloading 9 unused Assets to reduce memory usage. Loaded Objects now: 1564.
Total: 1.117700 ms (FindLiveObjects: 0.091100 ms CreateObjectMapping: 0.024200 ms MarkObjects: 0.970700 ms  DeleteObjects: 0.031000 ms)

AssetImportWorkerClient::OnTransportError - code=2 error=End of file
