Using pre-set license
Built from '2020.2/staging' branch; Version is '2020.2.6f1 (8a2143876886) revision 9052483'; Using compiler version '192528614'; Build Type 'Release'
OS: 'Windows 10 Pro; OS build 18363.1556; Version 1909; 64bit' Language: 'en' Physical Memory: 65450 MB
BatchMode: 1, IsHumanControllingUs: 0, StartBugReporterOnCrash: 0, Is64bit: 1, IsPro: 0

 COMMAND LINE ARGUMENTS:
C:\Program Files\Unity\Hub\Editor\2020.2.6f1\Editor\Unity.exe
-adb2
-batchMode
-noUpm
-name
AssetImportWorker0
-projectPath
C:/Users/Isaac/Documents/Optimization/NonConvex/NonConvexOptimization/NonConvexOptimiztion/ConeSearch_notbroken
-logFile
Logs/AssetImportWorker0.log
-srvPort
58250
Successfully changed project path to: C:/Users/Isaac/Documents/Optimization/NonConvex/NonConvexOptimization/NonConvexOptimiztion/ConeSearch_notbroken
C:/Users/Isaac/Documents/Optimization/NonConvex/NonConvexOptimization/NonConvexOptimiztion/ConeSearch_notbroken
Using Asset Import Pipeline V2.
Refreshing native plugins compatible for Editor in 18.19 ms, found 0 plugins.
Preloading 0 native plugins for Editor in 0.00 ms.
Initialize engine version: 2020.2.6f1 (8a2143876886)
[Subsystems] Discovering subsystems at path C:/Program Files/Unity/Hub/Editor/2020.2.6f1/Editor/Data/Resources/UnitySubsystems
[Subsystems] Discovering subsystems at path C:/Users/Isaac/Documents/Optimization/NonConvex/NonConvexOptimization/NonConvexOptimiztion/ConeSearch_notbroken/Assets
GfxDevice: creating device client; threaded=0
Direct3D:
    Version:  Direct3D 11.0 [level 11.1]
    Renderer: NVIDIA GeForce RTX 3080 Ti (ID=0x2208)
    Vendor:   
    VRAM:     12108 MB
    Driver:   30.0.14.7168
Initialize mono
Mono path[0] = 'C:/Program Files/Unity/Hub/Editor/2020.2.6f1/Editor/Data/Managed'
Mono path[1] = 'C:/Program Files/Unity/Hub/Editor/2020.2.6f1/Editor/Data/MonoBleedingEdge/lib/mono/unityjit'
Mono config path = 'C:/Program Files/Unity/Hub/Editor/2020.2.6f1/Editor/Data/MonoBleedingEdge/etc'
Using monoOptions --debugger-agent=transport=dt_socket,embedding=1,server=y,suspend=n,address=127.0.0.1:56596
Begin MonoManager ReloadAssembly
Registering precompiled unity dll's ...
Register platform support module: C:/Program Files/Unity/Hub/Editor/2020.2.6f1/Editor/Data/PlaybackEngines/WindowsStandaloneSupport/UnityEditor.WindowsStandalone.Extensions.dll
Registered in 0.001483 seconds.
Native extension for WindowsStandalone target not found
Refreshing native plugins compatible for Editor in 22.74 ms, found 0 plugins.
Preloading 0 native plugins for Editor in 0.00 ms.
Invoked RoslynAnalysisRunner static constructor.
RoslynAnalysisRunner will not be running.
RoslynAnalysisRunner has terminated.
Mono: successfully reloaded assembly
- Completed reload, in  1.357 seconds
Platform modules already initialized, skipping
Registering precompiled user dll's ...
Registered in 0.002125 seconds.
Begin MonoManager ReloadAssembly
Native extension for WindowsStandalone target not found
Refreshing native plugins compatible for Editor in 0.18 ms, found 0 plugins.
Preloading 0 native plugins for Editor in 0.00 ms.
Curl error 42: Callback aborted
DisplayProgressbar: Restoring NuGet Packages
Curl error 42: Callback aborted
Invoked RoslynAnalysisRunner static constructor.
RoslynAnalysisRunner will not be running.
RoslynAnalysisRunner has terminated.
Mono: successfully reloaded assembly
- Completed reload, in  2.365 seconds
Platform modules already initialized, skipping
========================================================================
Worker process is ready to serve import requests
Launched and connected shader compiler UnityShaderCompiler.exe after 0.03 seconds
Refreshing native plugins compatible for Editor in 0.25 ms, found 0 plugins.
Preloading 0 native plugins for Editor in 0.00 ms.
Unloading 1120 Unused Serialized files (Serialized files now loaded: 0)
System memory in use before: 58.9 MB.
System memory in use after: 59.0 MB.

Unloading 14 unused Assets to reduce memory usage. Loaded Objects now: 1562.
Total: 8.714800 ms (FindLiveObjects: 0.163700 ms CreateObjectMapping: 0.042400 ms MarkObjects: 8.447200 ms  DeleteObjects: 0.060300 ms)

========================================================================
Received Import Request.
  path: Assets/Objects/Cube.prefab
  artifactKey: Guid(1fe8481f1d774ef498df77d0e3aa75b6) Importer(815301076,1909f56bfc062723c751e8b465ee728b)
Start importing Assets/Objects/Cube.prefab using Guid(1fe8481f1d774ef498df77d0e3aa75b6) Importer(815301076,1909f56bfc062723c751e8b465ee728b)  -> (artifact id: 'd0bd683a4cdc319001bbe1a1587713a2') in 0.109912 seconds
  Import took 0.112008 seconds .

========================================================================
Received Import Request.
  Time since last request: 0.000126 seconds.
  path: Assets/Objects/Sphere.prefab
  artifactKey: Guid(9d117c69306a15748b6254c388695e41) Importer(815301076,1909f56bfc062723c751e8b465ee728b)
Start importing Assets/Objects/Sphere.prefab using Guid(9d117c69306a15748b6254c388695e41) Importer(815301076,1909f56bfc062723c751e8b465ee728b)  -> (artifact id: 'fbcc81312c9c1381d8fb7f470e0e2dfb') in 0.011753 seconds
  Import took 0.013375 seconds .

========================================================================
Received Import Request.
  Time since last request: 2.194046 seconds.
  path: Assets/Objects/Sphere 1.prefab
  artifactKey: Guid(9962e670791c8f34f80dffe04e9f1d51) Importer(815301076,1909f56bfc062723c751e8b465ee728b)
Start importing Assets/Objects/Sphere 1.prefab using Guid(9962e670791c8f34f80dffe04e9f1d51) Importer(815301076,1909f56bfc062723c751e8b465ee728b)  -> (artifact id: 'cbb5a0ee79b01974065e9d331ca6b7d0') in 0.012547 seconds
  Import took 0.013984 seconds .

========================================================================
Received Import Request.
  Time since last request: 6.445176 seconds.
  path: Assets/Materials/GraphMat.mat
  artifactKey: Guid(fee6aae1b990fba41a7cf18b06b05837) Importer(815301076,1909f56bfc062723c751e8b465ee728b)
Start importing Assets/Materials/GraphMat.mat using Guid(fee6aae1b990fba41a7cf18b06b05837) Importer(815301076,1909f56bfc062723c751e8b465ee728b)  -> (artifact id: '3c50749d78b4a132e886d79a6f1929d4') in 0.023425 seconds
  Import took 0.024977 seconds .

========================================================================
Received Import Request.
  Time since last request: 0.000132 seconds.
  path: Assets/Materials/HdrStudioCarFluorescentBlaze001_HDR_3K.exr
  artifactKey: Guid(32f1fc9fa9c1b374d82f84bc564eb87a) Importer(815301076,1909f56bfc062723c751e8b465ee728b)
Start importing Assets/Materials/HdrStudioCarFluorescentBlaze001_HDR_3K.exr using Guid(32f1fc9fa9c1b374d82f84bc564eb87a) Importer(815301076,1909f56bfc062723c751e8b465ee728b)  -> (artifact id: 'afd627bfe5b9b26ca615e321bda25607') in 0.027837 seconds
  Import took 0.029704 seconds .

========================================================================
Received Import Request.
  Time since last request: 58.055969 seconds.
  path: Assets/Objects/Sphere 1.prefab
  artifactKey: Guid(9962e670791c8f34f80dffe04e9f1d51) Importer(815301076,1909f56bfc062723c751e8b465ee728b)
Start importing Assets/Objects/Sphere 1.prefab using Guid(9962e670791c8f34f80dffe04e9f1d51) Importer(815301076,1909f56bfc062723c751e8b465ee728b)  -> (artifact id: 'e7b21b6a5da05e7a2296ee9f25c980ee') in 0.008748 seconds
  Import took 0.010783 seconds .

========================================================================
Received Prepare
Registering precompiled user dll's ...
Registered in 0.001765 seconds.
Begin MonoManager ReloadAssembly
Native extension for WindowsStandalone target not found
Refreshing native plugins compatible for Editor in 0.20 ms, found 0 plugins.
Preloading 0 native plugins for Editor in 0.00 ms.
Curl error 42: Callback aborted
Curl error 42: Callback aborted
Invoked RoslynAnalysisRunner static constructor.
RoslynAnalysisRunner will not be running.
RoslynAnalysisRunner has terminated.
Mono: successfully reloaded assembly
- Completed reload, in  2.378 seconds
Platform modules already initialized, skipping
Refreshing native plugins compatible for Editor in 0.18 ms, found 0 plugins.
Preloading 0 native plugins for Editor in 0.00 ms.
Unloading 1114 Unused Serialized files (Serialized files now loaded: 0)
System memory in use before: 62.8 MB.
System memory in use after: 62.9 MB.

Unloading 9 unused Assets to reduce memory usage. Loaded Objects now: 1610.
Total: 1.099000 ms (FindLiveObjects: 0.102000 ms CreateObjectMapping: 0.027300 ms MarkObjects: 0.959100 ms  DeleteObjects: 0.010100 ms)

========================================================================
Received Prepare
Registering precompiled user dll's ...
Registered in 0.001837 seconds.
Begin MonoManager ReloadAssembly
Native extension for WindowsStandalone target not found
Refreshing native plugins compatible for Editor in 0.19 ms, found 0 plugins.
Preloading 0 native plugins for Editor in 0.00 ms.
Curl error 42: Callback aborted
Curl error 42: Callback aborted
Invoked RoslynAnalysisRunner static constructor.
RoslynAnalysisRunner will not be running.
RoslynAnalysisRunner has terminated.
Mono: successfully reloaded assembly
- Completed reload, in  2.397 seconds
Platform modules already initialized, skipping
Refreshing native plugins compatible for Editor in 0.18 ms, found 0 plugins.
Preloading 0 native plugins for Editor in 0.00 ms.
Unloading 1114 Unused Serialized files (Serialized files now loaded: 0)
System memory in use before: 63.5 MB.
System memory in use after: 63.6 MB.

Unloading 9 unused Assets to reduce memory usage. Loaded Objects now: 1614.
Total: 1.111200 ms (FindLiveObjects: 0.106800 ms CreateObjectMapping: 0.027200 ms MarkObjects: 0.965000 ms  DeleteObjects: 0.011500 ms)

AssetImportWorkerClient::OnTransportError - code=2 error=End of file
